2020-01-19 17:40:05,340 [Worker-2: Loading available Gradle versions] INFO  o.e.b.c.i.u.g.PublishedGradleVersions - Gradle version information cache is out-of-date. Trying to update.
2020-01-19 17:43:27,200 [Worker-9: reload maven project] INFO  o.e.m.c.i.e.AbstractTransferListenerAdapter - Downloading https://repo.maven.apache.org/maven2/org/springframework/boot/spring-boot-starter-parent/2.2.3.RELEASE/spring-boot-starter-parent-2.2.3.RELEASE.pom
2020-01-19 17:43:27,233 [Worker-9: reload maven project] INFO  o.e.m.c.i.e.AbstractTransferListenerAdapter - Downloaded https://repo.maven.apache.org/maven2/org/springframework/boot/spring-boot-starter-parent/2.2.3.RELEASE/spring-boot-starter-parent-2.2.3.RELEASE.pom
2020-01-19 17:43:27,264 [Worker-9: reload maven project] INFO  o.e.m.c.i.e.AbstractTransferListenerAdapter - Downloading https://repo.maven.apache.org/maven2/org/springframework/boot/spring-boot-dependencies/2.2.3.RELEASE/spring-boot-dependencies-2.2.3.RELEASE.pom
2020-01-19 17:43:27,348 [Worker-9: reload maven project] INFO  o.e.m.c.i.e.AbstractTransferListenerAdapter - Downloaded https://repo.maven.apache.org/maven2/org/springframework/boot/spring-boot-dependencies/2.2.3.RELEASE/spring-boot-dependencies-2.2.3.RELEASE.pom
2020-01-19 17:43:27,438 [Worker-9: reload maven project] INFO  o.e.m.c.i.e.AbstractTransferListenerAdapter - Downloading https://repo.maven.apache.org/maven2/com/fasterxml/jackson/jackson-bom/2.10.2/jackson-bom-2.10.2.pom
2020-01-19 17:43:27,473 [Worker-9: reload maven project] INFO  o.e.m.c.i.e.AbstractTransferListenerAdapter - Downloaded https://repo.maven.apache.org/maven2/com/fasterxml/jackson/jackson-bom/2.10.2/jackson-bom-2.10.2.pom
2020-01-19 17:43:27,550 [Worker-9: reload maven project] INFO  o.e.m.c.i.e.AbstractTransferListenerAdapter - Downloading https://repo.maven.apache.org/maven2/io/micrometer/micrometer-bom/1.3.2/micrometer-bom-1.3.2.pom
2020-01-19 17:43:27,585 [Worker-9: reload maven project] INFO  o.e.m.c.i.e.AbstractTransferListenerAdapter - Downloaded https://repo.maven.apache.org/maven2/io/micrometer/micrometer-bom/1.3.2/micrometer-bom-1.3.2.pom
2020-01-19 17:43:27,623 [Worker-9: reload maven project] INFO  o.e.m.c.i.e.AbstractTransferListenerAdapter - Downloading https://repo.maven.apache.org/maven2/io/netty/netty-bom/4.1.45.Final/netty-bom-4.1.45.Final.pom
2020-01-19 17:43:27,658 [Worker-9: reload maven project] INFO  o.e.m.c.i.e.AbstractTransferListenerAdapter - Downloaded https://repo.maven.apache.org/maven2/io/netty/netty-bom/4.1.45.Final/netty-bom-4.1.45.Final.pom
2020-01-19 17:43:27,718 [Worker-9: reload maven project] INFO  o.e.m.c.i.e.AbstractTransferListenerAdapter - Downloading https://repo.maven.apache.org/maven2/io/projectreactor/reactor-bom/Dysprosium-SR3/reactor-bom-Dysprosium-SR3.pom
2020-01-19 17:43:27,748 [Worker-9: reload maven project] INFO  o.e.m.c.i.e.AbstractTransferListenerAdapter - Downloaded https://repo.maven.apache.org/maven2/io/projectreactor/reactor-bom/Dysprosium-SR3/reactor-bom-Dysprosium-SR3.pom
2020-01-19 17:43:27,834 [Worker-9: reload maven project] INFO  o.e.m.c.i.e.AbstractTransferListenerAdapter - Downloading https://repo.maven.apache.org/maven2/org/eclipse/jetty/jetty-bom/9.4.25.v20191220/jetty-bom-9.4.25.v20191220.pom
2020-01-19 17:43:27,869 [Worker-9: reload maven project] INFO  o.e.m.c.i.e.AbstractTransferListenerAdapter - Downloaded https://repo.maven.apache.org/maven2/org/eclipse/jetty/jetty-bom/9.4.25.v20191220/jetty-bom-9.4.25.v20191220.pom
2020-01-19 17:43:27,953 [Worker-9: reload maven project] INFO  o.e.m.c.i.e.AbstractTransferListenerAdapter - Downloading https://repo.maven.apache.org/maven2/org/jetbrains/kotlin/kotlin-bom/1.3.61/kotlin-bom-1.3.61.pom
2020-01-19 17:43:28,025 [Worker-9: reload maven project] INFO  o.e.m.c.i.e.AbstractTransferListenerAdapter - Downloaded https://repo.maven.apache.org/maven2/org/jetbrains/kotlin/kotlin-bom/1.3.61/kotlin-bom-1.3.61.pom
2020-01-19 17:43:28,066 [Worker-9: reload maven project] INFO  o.e.m.c.i.e.AbstractTransferListenerAdapter - Downloading https://repo.maven.apache.org/maven2/org/jetbrains/kotlinx/kotlinx-coroutines-bom/1.3.3/kotlinx-coroutines-bom-1.3.3.pom
2020-01-19 17:43:28,109 [Worker-9: reload maven project] INFO  o.e.m.c.i.e.AbstractTransferListenerAdapter - Downloaded https://repo.maven.apache.org/maven2/org/jetbrains/kotlinx/kotlinx-coroutines-bom/1.3.3/kotlinx-coroutines-bom-1.3.3.pom
2020-01-19 17:43:28,196 [Worker-9: reload maven project] INFO  o.e.m.c.i.e.AbstractTransferListenerAdapter - Downloading https://repo.maven.apache.org/maven2/org/springframework/spring-framework-bom/5.2.3.RELEASE/spring-framework-bom-5.2.3.RELEASE.pom
2020-01-19 17:43:28,231 [Worker-9: reload maven project] INFO  o.e.m.c.i.e.AbstractTransferListenerAdapter - Downloaded https://repo.maven.apache.org/maven2/org/springframework/spring-framework-bom/5.2.3.RELEASE/spring-framework-bom-5.2.3.RELEASE.pom
2020-01-19 17:43:28,274 [Worker-9: reload maven project] INFO  o.e.m.c.i.e.AbstractTransferListenerAdapter - Downloading https://repo.maven.apache.org/maven2/org/springframework/data/spring-data-releasetrain/Moore-SR4/spring-data-releasetrain-Moore-SR4.pom
2020-01-19 17:43:28,312 [Worker-9: reload maven project] INFO  o.e.m.c.i.e.AbstractTransferListenerAdapter - Downloaded https://repo.maven.apache.org/maven2/org/springframework/data/spring-data-releasetrain/Moore-SR4/spring-data-releasetrain-Moore-SR4.pom
2020-01-19 17:43:28,351 [Worker-9: reload maven project] INFO  o.e.m.c.i.e.AbstractTransferListenerAdapter - Downloading https://repo.maven.apache.org/maven2/org/springframework/data/build/spring-data-build/2.2.4.RELEASE/spring-data-build-2.2.4.RELEASE.pom
2020-01-19 17:43:28,394 [Worker-9: reload maven project] INFO  o.e.m.c.i.e.AbstractTransferListenerAdapter - Downloaded https://repo.maven.apache.org/maven2/org/springframework/data/build/spring-data-build/2.2.4.RELEASE/spring-data-build-2.2.4.RELEASE.pom
2020-01-19 17:43:28,435 [Worker-9: reload maven project] INFO  o.e.m.c.i.e.AbstractTransferListenerAdapter - Downloading https://repo.maven.apache.org/maven2/org/springframework/integration/spring-integration-bom/5.2.3.RELEASE/spring-integration-bom-5.2.3.RELEASE.pom
2020-01-19 17:43:28,474 [Worker-9: reload maven project] INFO  o.e.m.c.i.e.AbstractTransferListenerAdapter - Downloaded https://repo.maven.apache.org/maven2/org/springframework/integration/spring-integration-bom/5.2.3.RELEASE/spring-integration-bom-5.2.3.RELEASE.pom
